<?xml version="1.0" encoding="UTF-8"?>
<!-- Generated by org.testng.reporters.JUnitXMLReporter -->
<testsuite ignored="0" hostname="Bombaclat" failures="1" tests="3" name="Full Setup Test" time="4.516" errors="0" timestamp="2025-05-16T21:46:35 IST">
  <testcase classname="FullSetupTest" name="testLogin" time="4.368">
    <failure type="java.lang.Error" message="Unresolved compilation problems: 
	BaseClass cannot be resolved
	BaseClass cannot be resolved
	BaseClass cannot be resolved
">
      <![CDATA[java.lang.Error: Unresolved compilation problems: 
BaseClass cannot be resolved
BaseClass cannot be resolved
BaseClass cannot be resolved

at pompages.LoginPage.login(LoginPage.java:20)
at FullSetupTest.testLogin(FullSetupTest.java:19)
at java.base/java.util.ArrayList.forEach(ArrayList.java:1511)
at java.base/java.util.concurrent.FutureTask.run(FutureTask.java:264)
at java.base/java.util.concurrent.ThreadPoolExecutor.runWorker(ThreadPoolExecutor.java:1136)
at java.base/java.util.concurrent.ThreadPoolExecutor$Worker.run(ThreadPoolExecutor.java:635)
at java.base/java.lang.Thread.run(Thread.java:840)
... Removed 17 stack frames]]>
    </failure>
  </testcase> <!-- testLogin -->
  <testcase classname="FullSetupTest" name="testAddAgent" time="0.0">
    <skipped/>
  </testcase> <!-- testAddAgent -->
  <testcase classname="FullSetupTest" name="testCSVUpload" time="0.0">
    <skipped/>
  </testcase> <!-- testCSVUpload -->
</testsuite> <!-- Full Setup Test -->
